[ 2024-02-11 19:46:18,204 ] 30 root - INFO - Data ingestion has started
[ 2024-02-11 19:46:24,052 ] 34 root - INFO - Dataset Has been read
[ 2024-02-11 19:46:24,669 ] 41 root - INFO - Raw.csv has been save at path : Artifacts\raw.csv
[ 2024-02-11 19:46:24,703 ] 42 root - INFO - raw.csv
  Delivery_person_ID  Delivery_person_Age  Delivery_person_Ratings  ...  Festival           City  Time_taken (min)
0      DEHRES17DEL01                 36.0                      4.2  ...        No  Metropolitian                46
1      KOCRES16DEL01                 21.0                      4.7  ...        No  Metropolitian                23
2     PUNERES13DEL03                 23.0                      4.7  ...        No  Metropolitian                21
3     LUDHRES15DEL02                 34.0                      4.3  ...        No  Metropolitian                20
4      KNPRES14DEL02                 24.0                      4.7  ...        No  Metropolitian                41

[5 rows x 19 columns]
[ 2024-02-11 19:46:24,721 ] 46 root - INFO - Divide dataset into trainning and testing data
[ 2024-02-11 19:46:25,281 ] 56 root - INFO - Saved train.csv and test.csv to Artifacts\train.csv and Artifacts\test.csv respectively
[ 2024-02-11 19:46:25,281 ] 59 root - INFO - Data Ingestion Complete
[ 2024-02-11 19:46:25,446 ] 85 root - INFO - Features after dropping and before date time processing ['Delivery_person_Age', 'Delivery_person_Ratings', 'Order_Date', 'Time_Orderd', 'Time_Order_picked', 'Weather_conditions', 'Road_traffic_density', 'Vehicle_condition', 'Type_of_order', 'Type_of_vehicle', 'multiple_deliveries', 'Festival', 'City', 'Time_taken (min)']
[ 2024-02-11 19:46:26,130 ] 33 root - INFO - Preparing pre_processor_object
[ 2024-02-11 19:46:26,131 ] 14 root - INFO - Separating Numerical and Categorical columns
[ 2024-02-11 19:46:26,132 ] 21 root - INFO - categorical and numercal columns separated sucsessfully
[ 2024-02-11 19:46:26,132 ] 37 root - INFO - Numerical Columns : ['Delivery_person_Age', 'Delivery_person_Ratings', 'Vehicle_condition', 'multiple_deliveries']
[ 2024-02-11 19:46:26,132 ] 38 root - INFO - categorical Columns : ['Weather_conditions', 'Road_traffic_density', 'Type_of_order', 'Type_of_vehicle', 'Festival', 'City', 'Order_Date1', 'Order_Date2', 'Order_Date3', 'Time_Orderd1', 'Time_Orderd2', 'Time_Order_picked1', 'Time_Order_picked2']
[ 2024-02-11 19:46:27,361 ] 95 root - INFO - Features after dropping and after date time processing ['Delivery_person_Age', 'Delivery_person_Ratings', 'Weather_conditions', 'Road_traffic_density', 'Vehicle_condition', 'Type_of_order', 'Type_of_vehicle', 'multiple_deliveries', 'Festival', 'City', 'Time_taken (min)', 'Order_Date1', 'Order_Date2', 'Order_Date3', 'Time_Orderd1', 'Time_Orderd2', 'Time_Order_picked1', 'Time_Order_picked2']
[ 2024-02-11 19:46:27,365 ] 97 root - INFO - input train array : [[-0.80115464  0.84152277  0.00312491 ...  0.          0.
   1.        ]
 [-0.62752435  0.5265976   1.22568185 ...  0.          1.
   0.        ]
 [-0.1066335   0.84152277 -1.21943203 ...  0.          1.
   1.        ]
 ...
 [-0.62752435 -0.10325273 -1.21943203 ...  0.          0.
   1.        ]
 [-1.66930606 -0.10325273 -1.21943203 ...  1.          1.
   1.        ]
 [-0.28026379  0.21167244 -1.21943203 ...  1.          1.
   1.        ]]

[ 2024-02-11 19:46:27,366 ] 98 root - INFO - input test array : [[ 1.28240878 -4.82713018 -1.21943203 ...  0.          0.
   1.        ]
 [-0.45389407  0.21167244 -1.21943203 ...  0.          1.
   0.        ]
 [-0.45389407 -0.41817789 -1.21943203 ...  0.          1.
   0.        ]
 ...
 [ 0.06699678  0.84152277  1.22568185 ...  1.          0.
   0.        ]
 [ 0.41425735 -2.9375792   1.22568185 ...  1.          0.
   1.        ]
 [-1.66930606  0.5265976   1.22568185 ...  1.          0.
   0.        ]]

[ 2024-02-11 19:46:27,614 ] 56 root - INFO - {'Linear_Regression': 0.1514092214499272, 'Ridge': 0.15085161001184488, 'Lasso': -2.9153824317110866, 'ElasticNet': -4.09839822411396}
[ 2024-02-11 19:46:27,617 ] 59 root - INFO - Best Model : LinearRegression() r2 Score : 0.1514092214499272
